<?xml version="1.0" encoding="UTF-8"?>
<testsuite name="CartTest" tests="8" skipped="0" failures="0" errors="0" timestamp="2022-03-26T06:08:21" hostname="rasheeda" time="0.023">
  <properties/>
  <testcase name="shouldAddIpadProToTheCart()" classname="CartTest" time="0.016"/>
  <testcase name="shouldCheckoutCart()" classname="CartTest" time="0.001"/>
  <testcase name="shouldKnowWhatProductWasRemovedFromCart()" classname="CartTest" time="0.001"/>
  <testcase name="shouldRemoveIpadProFromTheCart()" classname="CartTest" time="0.001"/>
  <testcase name="shouldAddHeroInkPenToTheCart()" classname="CartTest" time="0.001"/>
  <testcase name="shouldBeAbleToSeePriceOfTheProductBeforeAddingToTheCart()" classname="CartTest" time="0.001"/>
  <testcase name="shouldDifferentiateCartsEvenIfTheyHaveSameItemsInThem()" classname="CartTest" time="0.0"/>
  <testcase name="shouldAdd2GMCricketBatsToTheCart()" classname="CartTest" time="0.0"/>
  <system-out><![CDATA[]]></system-out>
  <system-err><![CDATA[]]></system-err>
</testsuite>
