<?xml version="1.0" encoding="UTF-8"?>
<testsuite name="CartTest" tests="1" skipped="0" failures="0" errors="0" timestamp="2022-03-25T10:51:41" hostname="rasheeda" time="0.023">
  <properties/>
  <testcase name="shouldAddIpadProAndHeroInkPenToTheCart()" classname="CartTest" time="0.023"/>
  <system-out><![CDATA[]]></system-out>
  <system-err><![CDATA[]]></system-err>
</testsuite>
